Using pre-set license
Built from '6000.0/staging' branch; Version is '6000.0.41f1 (46e447368a18) revision 4645959'; Using compiler version '193933523'; Build Type 'Release'
OS: 'Windows 10  (10.0.19045) 64bit Professional' Language: 'ko' Physical Memory: 32601 MB
BatchMode: 1, IsHumanControllingUs: 0, StartBugReporterOnCrash: 0, Is64bit: 1, IsPro: 1

COMMAND LINE ARGUMENTS:
C:\Program Files\Unity\Hub\Editor\6000.0.41f1\Editor\Unity.exe
-adb2
-batchMode
-noUpm
-name
AssetImportWorker0
-projectPath
D:/dbstj/gitHub/CollaborativeGameJam/collaborative
-logFile
Logs/AssetImportWorker0.log
-srvPort
52836
-job-worker-count
7
-background-job-worker-count
8
-gc-helper-count
1
Successfully changed project path to: D:/dbstj/gitHub/CollaborativeGameJam/collaborative
D:/dbstj/gitHub/CollaborativeGameJam/collaborative
[UnityMemory] Configuration Parameters - Can be set up in boot.config
    "memorysetup-bucket-allocator-granularity=16"
    "memorysetup-bucket-allocator-bucket-count=8"
    "memorysetup-bucket-allocator-block-size=33554432"
    "memorysetup-bucket-allocator-block-count=8"
    "memorysetup-main-allocator-block-size=16777216"
    "memorysetup-thread-allocator-block-size=16777216"
    "memorysetup-gfx-main-allocator-block-size=16777216"
    "memorysetup-gfx-thread-allocator-block-size=16777216"
    "memorysetup-cache-allocator-block-size=4194304"
    "memorysetup-typetree-allocator-block-size=2097152"
    "memorysetup-profiler-bucket-allocator-granularity=16"
    "memorysetup-profiler-bucket-allocator-bucket-count=8"
    "memorysetup-profiler-bucket-allocator-block-size=33554432"
    "memorysetup-profiler-bucket-allocator-block-count=8"
    "memorysetup-profiler-allocator-block-size=16777216"
    "memorysetup-profiler-editor-allocator-block-size=1048576"
    "memorysetup-temp-allocator-size-main=16777216"
    "memorysetup-job-temp-allocator-block-size=2097152"
    "memorysetup-job-temp-allocator-block-size-background=1048576"
    "memorysetup-job-temp-allocator-reduction-small-platforms=262144"
    "memorysetup-allocator-temp-initial-block-size-main=262144"
    "memorysetup-allocator-temp-initial-block-size-worker=262144"
    "memorysetup-temp-allocator-size-background-worker=32768"
    "memorysetup-temp-allocator-size-job-worker=262144"
    "memorysetup-temp-allocator-size-preload-manager=33554432"
    "memorysetup-temp-allocator-size-nav-mesh-worker=65536"
    "memorysetup-temp-allocator-size-audio-worker=65536"
    "memorysetup-temp-allocator-size-cloud-worker=32768"
    "memorysetup-temp-allocator-size-gi-baking-worker=262144"
    "memorysetup-temp-allocator-size-gi-baking-worker=262144"
    "memorysetup-temp-allocator-size-gi-baking-worker=262144"
    "memorysetup-temp-allocator-size-gi-baking-worker=262144"
    "memorysetup-temp-allocator-size-gi-baking-worker=262144"
    "memorysetup-temp-allocator-size-gfx=262144"
Player connection [6736]  Target information:

Player connection [6736]  * "[IP] 172.30.1.14 [Port] 0 [Flags] 2 [Guid] 520821706 [EditorId] 520821706 [Version] 1048832 [Id] WindowsEditor(7,BJM) [Debug] 1 [PackageName] WindowsEditor [ProjectName] Editor" 

Player connection [6736]  * "[IP] 169.254.104.241 [Port] 0 [Flags] 2 [Guid] 520821706 [EditorId] 520821706 [Version] 1048832 [Id] WindowsEditor(7,BJM) [Debug] 1 [PackageName] WindowsEditor [ProjectName] Editor" 

Player connection [6736]  * "[IP] 25.8.251.86 [Port] 0 [Flags] 2 [Guid] 520821706 [EditorId] 520821706 [Version] 1048832 [Id] WindowsEditor(7,BJM) [Debug] 1 [PackageName] WindowsEditor [ProjectName] Editor" 

Player connection [6736] Host joined multi-casting on [225.0.0.222:54997]...
Player connection [6736] Host joined alternative multi-casting on [225.0.0.222:34997]...
JobSystem: Creating JobQueue using job-worker-count value 7
Input System module state changed to: Initialized.
[Physics::Module] Initialized fallback backend.
[Physics::Module] Id: 0xdecafbad
Library Redirect Path: Library/
[Physics::Module] Selected backend.
[Physics::Module] Name: PhysX
[Physics::Module] Id: 0xf2b8ea05
[Physics::Module] SDK Version: 4.1.2
[Physics::Module] Integration Version: 1.0.0
[Physics::Module] Threading Mode: Multi-Threaded
Refreshing native plugins compatible for Editor in 1.80 ms, found 3 plugins.
Preloading 0 native plugins for Editor in 0.00 ms.
Initialize engine version: 6000.0.41f1 (46e447368a18)
[Subsystems] Discovering subsystems at path C:/Program Files/Unity/Hub/Editor/6000.0.41f1/Editor/Data/Resources/UnitySubsystems
[Subsystems] Discovering subsystems at path D:/dbstj/gitHub/CollaborativeGameJam/collaborative/Assets
GfxDevice: creating device client; kGfxThreadingModeNonThreaded
Direct3D:
    Version:  Direct3D 11.0 [level 11.1]
    Renderer: NVIDIA GeForce RTX 2080 SUPER (ID=0x1e81)
    Vendor:   NVIDIA
    VRAM:     7987 MB
    Driver:   32.0.15.6094
Initialize mono
Mono path[0] = 'C:/Program Files/Unity/Hub/Editor/6000.0.41f1/Editor/Data/Managed'
Mono path[1] = 'C:/Program Files/Unity/Hub/Editor/6000.0.41f1/Editor/Data/MonoBleedingEdge/lib/mono/unityjit-win32'
Mono config path = 'C:/Program Files/Unity/Hub/Editor/6000.0.41f1/Editor/Data/MonoBleedingEdge/etc'
Using monoOptions --debugger-agent=transport=dt_socket,embedding=1,server=y,suspend=n,address=127.0.0.1:56608
Begin MonoManager ReloadAssembly
Registering precompiled unity dll's ...
Register platform support module: C:/Program Files/Unity/Hub/Editor/6000.0.41f1/Editor/Data/PlaybackEngines/WindowsStandaloneSupport/UnityEditor.WindowsStandalone.Extensions.dll
Registered in 0.003381 seconds.
- Loaded All Assemblies, in  0.393 seconds
Native extension for WindowsStandalone target not found
Mono: successfully reloaded assembly
- Finished resetting the current domain, in  0.298 seconds
Domain Reload Profiling: 689ms
	BeginReloadAssembly (146ms)
		ExecutionOrderSort (0ms)
		DisableScriptedObjects (0ms)
		BackupInstance (0ms)
		ReleaseScriptingObjects (0ms)
		CreateAndSetChildDomain (1ms)
	RebuildCommonClasses (37ms)
	RebuildNativeTypeToScriptingClass (12ms)
	initialDomainReloadingComplete (48ms)
	LoadAllAssembliesAndSetupDomain (147ms)
		LoadAssemblies (142ms)
		RebuildTransferFunctionScriptingTraits (0ms)
		AnalyzeDomain (144ms)
			TypeCache.Refresh (143ms)
				TypeCache.ScanAssembly (130ms)
			BuildScriptInfoCaches (0ms)
			ResolveRequiredComponents (0ms)
	FinalizeReload (299ms)
		ReleaseScriptCaches (0ms)
		RebuildScriptCaches (0ms)
		SetupLoadedEditorAssemblies (259ms)
			LogAssemblyErrors (0ms)
			InitializePlatformSupportModulesInManaged (24ms)
			SetLoadedEditorAssemblies (4ms)
			BeforeProcessingInitializeOnLoad (44ms)
			ProcessInitializeOnLoadAttributes (132ms)
			ProcessInitializeOnLoadMethodAttributes (55ms)
			AfterProcessingInitializeOnLoad (0ms)
			EditorAssembliesLoaded (0ms)
		ExecutionOrderSort2 (0ms)
		AwakeInstancesAfterBackupRestoration (0ms)
========================================================================
Worker process is ready to serve import requests
Import Worker Mode flag is 0x00
Begin MonoManager ReloadAssembly
- Loaded All Assemblies, in  0.635 seconds
Refreshing native plugins compatible for Editor in 0.78 ms, found 3 plugins.
Native extension for WindowsStandalone target not found
Mono: successfully reloaded assembly
- Finished resetting the current domain, in  0.507 seconds
Domain Reload Profiling: 1139ms
	BeginReloadAssembly (188ms)
		ExecutionOrderSort (0ms)
		DisableScriptedObjects (6ms)
		BackupInstance (0ms)
		ReleaseScriptingObjects (0ms)
		CreateAndSetChildDomain (27ms)
	RebuildCommonClasses (35ms)
	RebuildNativeTypeToScriptingClass (11ms)
	initialDomainReloadingComplete (36ms)
	LoadAllAssembliesAndSetupDomain (362ms)
		LoadAssemblies (309ms)
		RebuildTransferFunctionScriptingTraits (0ms)
		AnalyzeDomain (177ms)
			TypeCache.Refresh (143ms)
				TypeCache.ScanAssembly (130ms)
			BuildScriptInfoCaches (26ms)
			ResolveRequiredComponents (5ms)
	FinalizeReload (508ms)
		ReleaseScriptCaches (0ms)
		RebuildScriptCaches (0ms)
		SetupLoadedEditorAssemblies (400ms)
			LogAssemblyErrors (0ms)
			InitializePlatformSupportModulesInManaged (2ms)
			SetLoadedEditorAssemblies (4ms)
			BeforeProcessingInitializeOnLoad (77ms)
			ProcessInitializeOnLoadAttributes (287ms)
			ProcessInitializeOnLoadMethodAttributes (23ms)
			AfterProcessingInitializeOnLoad (7ms)
			EditorAssembliesLoaded (0ms)
		ExecutionOrderSort2 (0ms)
		AwakeInstancesAfterBackupRestoration (10ms)
Launched and connected shader compiler UnityShaderCompiler.exe after 0.01 seconds
Refreshing native plugins compatible for Editor in 0.91 ms, found 3 plugins.
Preloading 0 native plugins for Editor in 0.00 ms.
Unloading 8 Unused Serialized files (Serialized files now loaded: 0)
Unloading 3776 unused Assets / (1.0 MB). Loaded Objects now: 4262.
Memory consumption went from 83.6 MB to 82.6 MB.
Total: 5.544300 ms (FindLiveObjects: 0.475000 ms CreateObjectMapping: 0.489200 ms MarkObjects: 3.678800 ms  DeleteObjects: 0.900200 ms)

========================================================================
Received Import Request.
  Time since last request: 1473321.351609 seconds.
  path: Assets/Playground Low Poly/Materials
  artifactKey: Guid(9e4ed0c303eeca0498864725b3804faa) Importer(815301076,1909f56bfc062723c751e8b465ee728b)
Start importing Assets/Playground Low Poly/Materials using Guid(9e4ed0c303eeca0498864725b3804faa) Importer(815301076,1909f56bfc062723c751e8b465ee728b) (PreviewImporter) -> (artifact id: '90a381710beb239932a4077d18a79a31') in 0.0049825 seconds
Number of updated asset objects reloaded before import = 0Number of asset objects unloaded after import = 0

========================================================================
Received Import Request.
  Time since last request: 0.000012 seconds.
  path: Assets/Playground Low Poly/Materials/M_Ground.mat
  artifactKey: Guid(66c7dbe36cfd0b9429efe251cec3b33d) Importer(815301076,1909f56bfc062723c751e8b465ee728b)
Start importing Assets/Playground Low Poly/Materials/M_Ground.mat using Guid(66c7dbe36cfd0b9429efe251cec3b33d) Importer(815301076,1909f56bfc062723c751e8b465ee728b) (PreviewImporter) -> (artifact id: 'a49cbecd72a2acdf63da5984ce9a7819') in 0.1128608 seconds
Number of updated asset objects reloaded before import = 0Number of asset objects unloaded after import = 1

========================================================================
Received Import Request.
  Time since last request: 2.042297 seconds.
  path: Assets/Playground Low Poly/Textures
  artifactKey: Guid(af1fa8266d51f1743b42959e310096e7) Importer(815301076,1909f56bfc062723c751e8b465ee728b)
Start importing Assets/Playground Low Poly/Textures using Guid(af1fa8266d51f1743b42959e310096e7) Importer(815301076,1909f56bfc062723c751e8b465ee728b) (PreviewImporter) -> (artifact id: '6d959a5b3e092880288ea970124e29eb') in 0.0005846 seconds
Number of updated asset objects reloaded before import = 0Number of asset objects unloaded after import = 0

========================================================================
Received Import Request.
  Time since last request: 0.084992 seconds.
  path: Assets/Playground Low Poly/Textures/T_Generic_colors.psd
  artifactKey: Guid(d0585de31bb7ab74494ca14f49ed62fb) Importer(815301076,1909f56bfc062723c751e8b465ee728b)
Start importing Assets/Playground Low Poly/Textures/T_Generic_colors.psd using Guid(d0585de31bb7ab74494ca14f49ed62fb) Importer(815301076,1909f56bfc062723c751e8b465ee728b) (PreviewImporter) -> (artifact id: '8101f854e6347120d843ffa30e6feb9e') in 0.0245621 seconds
Number of updated asset objects reloaded before import = 0Number of asset objects unloaded after import = 2

========================================================================
Received Import Request.
  Time since last request: 2.134906 seconds.
  path: Assets/Playground Low Poly/Prefabs
  artifactKey: Guid(ca46991f51b1485469af4dfc35a88f11) Importer(815301076,1909f56bfc062723c751e8b465ee728b)
Start importing Assets/Playground Low Poly/Prefabs using Guid(ca46991f51b1485469af4dfc35a88f11) Importer(815301076,1909f56bfc062723c751e8b465ee728b) (PreviewImporter) -> (artifact id: '2f525c418e34d752fd6476939de27647') in 0.0004561 seconds
Number of updated asset objects reloaded before import = 0Number of asset objects unloaded after import = 0

========================================================================
Received Import Request.
  Time since last request: 0.073345 seconds.
  path: Assets/Playground Low Poly/Prefabs/SM_Alcove_01.prefab
  artifactKey: Guid(30de34a35a4305c4498f476c8678d541) Importer(815301076,1909f56bfc062723c751e8b465ee728b)
Start importing Assets/Playground Low Poly/Prefabs/SM_Alcove_01.prefab using Guid(30de34a35a4305c4498f476c8678d541) Importer(815301076,1909f56bfc062723c751e8b465ee728b) (PreviewImporter) -> (artifact id: 'e1be2d7bd53af13d65f697b43d76f10b') in 0.0300674 seconds
Number of updated asset objects reloaded before import = 0Number of asset objects unloaded after import = 11

========================================================================
Received Import Request.
  Time since last request: 0.000019 seconds.
  path: Assets/Playground Low Poly/Prefabs/SM_Playground_02.prefab
  artifactKey: Guid(320e1716c0bedb84a91c9707981bd279) Importer(815301076,1909f56bfc062723c751e8b465ee728b)
Start importing Assets/Playground Low Poly/Prefabs/SM_Playground_02.prefab using Guid(320e1716c0bedb84a91c9707981bd279) Importer(815301076,1909f56bfc062723c751e8b465ee728b) (PreviewImporter) -> (artifact id: 'fcb209b6776ad52d6c2bd318f6b6fd35') in 0.0157487 seconds
Number of updated asset objects reloaded before import = 0Number of asset objects unloaded after import = 16

========================================================================
Received Import Request.
  Time since last request: 0.000040 seconds.
  path: Assets/Playground Low Poly/Prefabs/SM_Toy_04.prefab
  artifactKey: Guid(f397ff5fa4702af4eb0ee7721adacc54) Importer(815301076,1909f56bfc062723c751e8b465ee728b)
Start importing Assets/Playground Low Poly/Prefabs/SM_Toy_04.prefab using Guid(f397ff5fa4702af4eb0ee7721adacc54) Importer(815301076,1909f56bfc062723c751e8b465ee728b) (PreviewImporter) -> (artifact id: '47e6880b15a9b36f4e39e2334c999f63') in 0.0177105 seconds
Number of updated asset objects reloaded before import = 0Number of asset objects unloaded after import = 10

========================================================================
Received Import Request.
  Time since last request: 0.000024 seconds.
  path: Assets/Playground Low Poly/Prefabs/SM_Flowers_02.prefab
  artifactKey: Guid(49d0e1a0411092349ab46bb76dd7e5b5) Importer(815301076,1909f56bfc062723c751e8b465ee728b)
Start importing Assets/Playground Low Poly/Prefabs/SM_Flowers_02.prefab using Guid(49d0e1a0411092349ab46bb76dd7e5b5) Importer(815301076,1909f56bfc062723c751e8b465ee728b) (PreviewImporter) -> (artifact id: '8232043aca49bd47e40de3f75bc80a7f') in 0.0174014 seconds
Number of updated asset objects reloaded before import = 0Number of asset objects unloaded after import = 9

========================================================================
Received Import Request.
  Time since last request: 0.000016 seconds.
  path: Assets/Playground Low Poly/Prefabs/SM_Swings_03.prefab
  artifactKey: Guid(16d4c257c40500540bf530cf3ca1ae27) Importer(815301076,1909f56bfc062723c751e8b465ee728b)
Start importing Assets/Playground Low Poly/Prefabs/SM_Swings_03.prefab using Guid(16d4c257c40500540bf530cf3ca1ae27) Importer(815301076,1909f56bfc062723c751e8b465ee728b) (PreviewImporter) -> (artifact id: 'ddaa5746961fe57f34d9dc962a5a8b57') in 0.014642 seconds
Number of updated asset objects reloaded before import = 0Number of asset objects unloaded after import = 10

========================================================================
Received Import Request.
  Time since last request: 0.000012 seconds.
  path: Assets/Playground Low Poly/Prefabs/SM_Trash_03.prefab
  artifactKey: Guid(689939cca3be1eb42bb030f4013c62e3) Importer(815301076,1909f56bfc062723c751e8b465ee728b)
Start importing Assets/Playground Low Poly/Prefabs/SM_Trash_03.prefab using Guid(689939cca3be1eb42bb030f4013c62e3) Importer(815301076,1909f56bfc062723c751e8b465ee728b) (PreviewImporter) -> (artifact id: '0251d542aff0b0539d024c96eea162f3') in 0.0152512 seconds
Number of updated asset objects reloaded before import = 0Number of asset objects unloaded after import = 10

========================================================================
Received Import Request.
  Time since last request: 0.000013 seconds.
  path: Assets/Playground Low Poly/Prefabs/SM_Tree_03.prefab
  artifactKey: Guid(ead76e3a9a32299448dfa6d8122b482e) Importer(815301076,1909f56bfc062723c751e8b465ee728b)
Start importing Assets/Playground Low Poly/Prefabs/SM_Tree_03.prefab using Guid(ead76e3a9a32299448dfa6d8122b482e) Importer(815301076,1909f56bfc062723c751e8b465ee728b) (PreviewImporter) -> (artifact id: 'b6d1294765da3920ddc5e71f29c0b42c') in 0.0130841 seconds
Number of updated asset objects reloaded before import = 0Number of asset objects unloaded after import = 11

========================================================================
Received Import Request.
  Time since last request: 0.000013 seconds.
  path: Assets/Playground Low Poly/Prefabs/SM_Stand_02.prefab
  artifactKey: Guid(4de75b156eca74e4cb387cb66d846bca) Importer(815301076,1909f56bfc062723c751e8b465ee728b)
Start importing Assets/Playground Low Poly/Prefabs/SM_Stand_02.prefab using Guid(4de75b156eca74e4cb387cb66d846bca) Importer(815301076,1909f56bfc062723c751e8b465ee728b) (PreviewImporter) -> (artifact id: '11e2245835a8db8ef6952e8368dc3e96') in 0.0162509 seconds
Number of updated asset objects reloaded before import = 0Number of asset objects unloaded after import = 10

========================================================================
Received Import Request.
  Time since last request: 0.000013 seconds.
  path: Assets/Playground Low Poly/Prefabs/SM_Toy_03.prefab
  artifactKey: Guid(5557004b13d0f4644bff0b6278ea475b) Importer(815301076,1909f56bfc062723c751e8b465ee728b)
Start importing Assets/Playground Low Poly/Prefabs/SM_Toy_03.prefab using Guid(5557004b13d0f4644bff0b6278ea475b) Importer(815301076,1909f56bfc062723c751e8b465ee728b) (PreviewImporter) -> (artifact id: 'b76cc75277ddaf8a40dc0a1ae5650bb2') in 0.0132559 seconds
Number of updated asset objects reloaded before import = 0Number of asset objects unloaded after import = 10

========================================================================
Received Import Request.
  Time since last request: 0.000013 seconds.
  path: Assets/Playground Low Poly/Prefabs/SM_Playground_03.prefab
  artifactKey: Guid(2a1e00f6fd8038f4eb484539be2d71d2) Importer(815301076,1909f56bfc062723c751e8b465ee728b)
Start importing Assets/Playground Low Poly/Prefabs/SM_Playground_03.prefab using Guid(2a1e00f6fd8038f4eb484539be2d71d2) Importer(815301076,1909f56bfc062723c751e8b465ee728b) (PreviewImporter) -> (artifact id: '65cc0a13990a342148f2f62837705e8d') in 0.014296 seconds
Number of updated asset objects reloaded before import = 0Number of asset objects unloaded after import = 15

========================================================================
Received Import Request.
  Time since last request: 0.000017 seconds.
  path: Assets/Playground Low Poly/Prefabs/SM_Crossbar_Stairs_01.prefab
  artifactKey: Guid(0a01ce2f5c886ac469ab722a233b6650) Importer(815301076,1909f56bfc062723c751e8b465ee728b)
Start importing Assets/Playground Low Poly/Prefabs/SM_Crossbar_Stairs_01.prefab using Guid(0a01ce2f5c886ac469ab722a233b6650) Importer(815301076,1909f56bfc062723c751e8b465ee728b) (PreviewImporter) -> (artifact id: '8c26c908bbda988f7374367b94924b4e') in 0.0134263 seconds
Number of updated asset objects reloaded before import = 0Number of asset objects unloaded after import = 15

========================================================================
Received Import Request.
  Time since last request: 0.000017 seconds.
  path: Assets/Playground Low Poly/Prefabs/SM_Ball_01.prefab
  artifactKey: Guid(a6f5b2e09e2cfec45b1803180ac584d5) Importer(815301076,1909f56bfc062723c751e8b465ee728b)
Start importing Assets/Playground Low Poly/Prefabs/SM_Ball_01.prefab using Guid(a6f5b2e09e2cfec45b1803180ac584d5) Importer(815301076,1909f56bfc062723c751e8b465ee728b) (PreviewImporter) -> (artifact id: '3733201bd7c91d51064a2a992d90929f') in 0.0126718 seconds
Number of updated asset objects reloaded before import = 0Number of asset objects unloaded after import = 10

========================================================================
Received Import Request.
  Time since last request: 0.000019 seconds.
  path: Assets/Playground Low Poly/Prefabs/SM_Toy_08.prefab
  artifactKey: Guid(a9ec45772d935864bbb59e8f4d2feab7) Importer(815301076,1909f56bfc062723c751e8b465ee728b)
Start importing Assets/Playground Low Poly/Prefabs/SM_Toy_08.prefab using Guid(a9ec45772d935864bbb59e8f4d2feab7) Importer(815301076,1909f56bfc062723c751e8b465ee728b) (PreviewImporter) -> (artifact id: '748f008a2022df3c915d57378c99dbe6') in 0.0132431 seconds
Number of updated asset objects reloaded before import = 0Number of asset objects unloaded after import = 10

========================================================================
Received Import Request.
  Time since last request: 0.000016 seconds.
  path: Assets/Playground Low Poly/Prefabs/SM_Toy_02.prefab
  artifactKey: Guid(d76604d888e1f2e4a9ea00687d223934) Importer(815301076,1909f56bfc062723c751e8b465ee728b)
Start importing Assets/Playground Low Poly/Prefabs/SM_Toy_02.prefab using Guid(d76604d888e1f2e4a9ea00687d223934) Importer(815301076,1909f56bfc062723c751e8b465ee728b) (PreviewImporter) -> (artifact id: '5922ad136824f4a443ff10545418663b') in 0.0146524 seconds
Number of updated asset objects reloaded before import = 0Number of asset objects unloaded after import = 10

========================================================================
Received Import Request.
  Time since last request: 0.000015 seconds.
  path: Assets/Playground Low Poly/Prefabs/SM_Playground_05.prefab
  artifactKey: Guid(7a9b12c91eb11314eb8dbbeeb81b7593) Importer(815301076,1909f56bfc062723c751e8b465ee728b)
Start importing Assets/Playground Low Poly/Prefabs/SM_Playground_05.prefab using Guid(7a9b12c91eb11314eb8dbbeeb81b7593) Importer(815301076,1909f56bfc062723c751e8b465ee728b) (PreviewImporter) -> (artifact id: '3dae8e5763052b40fa315746ca5e2f25') in 0.0132464 seconds
Number of updated asset objects reloaded before import = 0Number of asset objects unloaded after import = 12

========================================================================
Received Import Request.
  Time since last request: 0.000015 seconds.
  path: Assets/Playground Low Poly/Prefabs/SM_Trash_02.prefab
  artifactKey: Guid(ee4a7f34f5261724c901112cd4fb5846) Importer(815301076,1909f56bfc062723c751e8b465ee728b)
Start importing Assets/Playground Low Poly/Prefabs/SM_Trash_02.prefab using Guid(ee4a7f34f5261724c901112cd4fb5846) Importer(815301076,1909f56bfc062723c751e8b465ee728b) (PreviewImporter) -> (artifact id: 'ea1b1f6f5c47d5b66de4ea51b963a6cc') in 0.0143678 seconds
Number of updated asset objects reloaded before import = 0Number of asset objects unloaded after import = 10

========================================================================
Received Import Request.
  Time since last request: 0.000025 seconds.
  path: Assets/Playground Low Poly/Prefabs/SM_Toy_05.prefab
  artifactKey: Guid(0841527e7a56414448c3a4f010c3e1fe) Importer(815301076,1909f56bfc062723c751e8b465ee728b)
Start importing Assets/Playground Low Poly/Prefabs/SM_Toy_05.prefab using Guid(0841527e7a56414448c3a4f010c3e1fe) Importer(815301076,1909f56bfc062723c751e8b465ee728b) (PreviewImporter) -> (artifact id: '45db614703951726553252d9a08248d0') in 0.0138527 seconds
Number of updated asset objects reloaded before import = 0Number of asset objects unloaded after import = 10

========================================================================
Received Import Request.
  Time since last request: 0.000014 seconds.
  path: Assets/Playground Low Poly/Prefabs/SM_Sandbox_03.prefab
  artifactKey: Guid(f0badc85adb9b744ea1894728e94ef2f) Importer(815301076,1909f56bfc062723c751e8b465ee728b)
Start importing Assets/Playground Low Poly/Prefabs/SM_Sandbox_03.prefab using Guid(f0badc85adb9b744ea1894728e94ef2f) Importer(815301076,1909f56bfc062723c751e8b465ee728b) (PreviewImporter) -> (artifact id: '901517731f3a264bea9d0c55bcb854c2') in 0.0134886 seconds
Number of updated asset objects reloaded before import = 0Number of asset objects unloaded after import = 10

========================================================================
Received Import Request.
  Time since last request: 0.000016 seconds.
  path: Assets/Playground Low Poly/Prefabs/SM_Grass_03.prefab
  artifactKey: Guid(a96ec426591c1a74b90aa643726f600d) Importer(815301076,1909f56bfc062723c751e8b465ee728b)
Start importing Assets/Playground Low Poly/Prefabs/SM_Grass_03.prefab using Guid(a96ec426591c1a74b90aa643726f600d) Importer(815301076,1909f56bfc062723c751e8b465ee728b) (PreviewImporter) -> (artifact id: 'a282d3f33b6c00ef4de808d1408b559f') in 0.0128977 seconds
Number of updated asset objects reloaded before import = 0Number of asset objects unloaded after import = 9

========================================================================
Received Import Request.
  Time since last request: 0.000021 seconds.
  path: Assets/Playground Low Poly/Prefabs/SM_Swings_02.prefab
  artifactKey: Guid(44239bcf89012c540843eb92d48b4351) Importer(815301076,1909f56bfc062723c751e8b465ee728b)
Start importing Assets/Playground Low Poly/Prefabs/SM_Swings_02.prefab using Guid(44239bcf89012c540843eb92d48b4351) Importer(815301076,1909f56bfc062723c751e8b465ee728b) (PreviewImporter) -> (artifact id: '4edd744565ee6014afa898aa61f6011e') in 0.0142247 seconds
Number of updated asset objects reloaded before import = 0Number of asset objects unloaded after import = 10

========================================================================
Received Import Request.
  Time since last request: 0.000012 seconds.
  path: Assets/Playground Low Poly/Prefabs/SM_Railings_01.prefab
  artifactKey: Guid(19cf7c2c56fd68545a31c378b59a6b92) Importer(815301076,1909f56bfc062723c751e8b465ee728b)
Start importing Assets/Playground Low Poly/Prefabs/SM_Railings_01.prefab using Guid(19cf7c2c56fd68545a31c378b59a6b92) Importer(815301076,1909f56bfc062723c751e8b465ee728b) (PreviewImporter) -> (artifact id: '038d68aff6a3d1994b124df4d4efd4a4') in 0.0119526 seconds
Number of updated asset objects reloaded before import = 0Number of asset objects unloaded after import = 10

========================================================================
Received Import Request.
  Time since last request: 0.000030 seconds.
  path: Assets/Playground Low Poly/Prefabs/SM_Toy_06.prefab
  artifactKey: Guid(8162285b6b8717e4bb13e44c94b9e83d) Importer(815301076,1909f56bfc062723c751e8b465ee728b)
Start importing Assets/Playground Low Poly/Prefabs/SM_Toy_06.prefab using Guid(8162285b6b8717e4bb13e44c94b9e83d) Importer(815301076,1909f56bfc062723c751e8b465ee728b) (PreviewImporter) -> (artifact id: '02dab1e3744a260e8155e209417d7603') in 0.0134532 seconds
Number of updated asset objects reloaded before import = 0Number of asset objects unloaded after import = 10

========================================================================
Received Import Request.
  Time since last request: 0.000023 seconds.
  path: Assets/Playground Low Poly/Prefabs/SM_Playground_04.prefab
  artifactKey: Guid(0ed0922b8b8e6b0479c7f593d52df669) Importer(815301076,1909f56bfc062723c751e8b465ee728b)
Start importing Assets/Playground Low Poly/Prefabs/SM_Playground_04.prefab using Guid(0ed0922b8b8e6b0479c7f593d52df669) Importer(815301076,1909f56bfc062723c751e8b465ee728b) (PreviewImporter) -> (artifact id: '0eff53254773e8bbb7c146c38e5e9ca2') in 0.0143923 seconds
Number of updated asset objects reloaded before import = 0Number of asset objects unloaded after import = 12

========================================================================
Received Import Request.
  Time since last request: 0.000016 seconds.
  path: Assets/Playground Low Poly/Prefabs/SM_Tree_02.prefab
  artifactKey: Guid(fd6a3b627ddc2df4d89542b893289c52) Importer(815301076,1909f56bfc062723c751e8b465ee728b)
Start importing Assets/Playground Low Poly/Prefabs/SM_Tree_02.prefab using Guid(fd6a3b627ddc2df4d89542b893289c52) Importer(815301076,1909f56bfc062723c751e8b465ee728b) (PreviewImporter) -> (artifact id: '7bc6c89cfcf90d4676ec456b37ff0d6d') in 0.0137491 seconds
Number of updated asset objects reloaded before import = 0Number of asset objects unloaded after import = 11

========================================================================
Received Import Request.
  Time since last request: 0.000014 seconds.
  path: Assets/Playground Low Poly/Prefabs/SM_Playground_01.prefab
  artifactKey: Guid(372d31140fa703a4dbfe7f1f34bd4a98) Importer(815301076,1909f56bfc062723c751e8b465ee728b)
Start importing Assets/Playground Low Poly/Prefabs/SM_Playground_01.prefab using Guid(372d31140fa703a4dbfe7f1f34bd4a98) Importer(815301076,1909f56bfc062723c751e8b465ee728b) (PreviewImporter) -> (artifact id: 'c5f677de14d08ec07ae660a276e2c32d') in 0.0137539 seconds
Number of updated asset objects reloaded before import = 0Number of asset objects unloaded after import = 15

========================================================================
Received Import Request.
  Time since last request: 0.000012 seconds.
  path: Assets/Playground Low Poly/Prefabs/SM_Bench_03.prefab
  artifactKey: Guid(7771c02e50845c148830a38f099c87ce) Importer(815301076,1909f56bfc062723c751e8b465ee728b)
Start importing Assets/Playground Low Poly/Prefabs/SM_Bench_03.prefab using Guid(7771c02e50845c148830a38f099c87ce) Importer(815301076,1909f56bfc062723c751e8b465ee728b) (PreviewImporter) -> (artifact id: '0c9cdf34981b03f1722646ec63ec7e29') in 0.0124201 seconds
Number of updated asset objects reloaded before import = 0Number of asset objects unloaded after import = 10

========================================================================
Received Import Request.
  Time since last request: 0.000014 seconds.
  path: Assets/Playground Low Poly/Prefabs/SM_Railings_Angle_01.prefab
  artifactKey: Guid(6ed24e37d2b36dc45977bf6b83f69595) Importer(815301076,1909f56bfc062723c751e8b465ee728b)
Start importing Assets/Playground Low Poly/Prefabs/SM_Railings_Angle_01.prefab using Guid(6ed24e37d2b36dc45977bf6b83f69595) Importer(815301076,1909f56bfc062723c751e8b465ee728b) (PreviewImporter) -> (artifact id: '0c62558e1975bf92bae0a8146afbbda6') in 0.0139099 seconds
Number of updated asset objects reloaded before import = 0Number of asset objects unloaded after import = 11

========================================================================
Received Import Request.
  Time since last request: 0.000016 seconds.
  path: Assets/Playground Low Poly/Prefabs/SM_Stand_01.prefab
  artifactKey: Guid(2e045b07ba0f74947bd82b767b57b5fa) Importer(815301076,1909f56bfc062723c751e8b465ee728b)
Start importing Assets/Playground Low Poly/Prefabs/SM_Stand_01.prefab using Guid(2e045b07ba0f74947bd82b767b57b5fa) Importer(815301076,1909f56bfc062723c751e8b465ee728b) (PreviewImporter) -> (artifact id: '1952d0ca91480f2e1817a7a50e24e388') in 0.0152887 seconds
Number of updated asset objects reloaded before import = 0Number of asset objects unloaded after import = 10

========================================================================
Received Import Request.
  Time since last request: 0.000027 seconds.
  path: Assets/Playground Low Poly/Prefabs/SM_Sandbox_01.prefab
  artifactKey: Guid(189a0b5ee84cb454e98d2835383607d1) Importer(815301076,1909f56bfc062723c751e8b465ee728b)
Start importing Assets/Playground Low Poly/Prefabs/SM_Sandbox_01.prefab using Guid(189a0b5ee84cb454e98d2835383607d1) Importer(815301076,1909f56bfc062723c751e8b465ee728b) (PreviewImporter) -> (artifact id: 'fa7c5aa14878d7a57c014a10ddb2251e') in 0.0145686 seconds
Number of updated asset objects reloaded before import = 0Number of asset objects unloaded after import = 10

========================================================================
Received Import Request.
  Time since last request: 0.000015 seconds.
  path: Assets/Playground Low Poly/Prefabs/SM_Stone_01.prefab
  artifactKey: Guid(fe8749275d701b4418ca6a811ea83976) Importer(815301076,1909f56bfc062723c751e8b465ee728b)
Start importing Assets/Playground Low Poly/Prefabs/SM_Stone_01.prefab using Guid(fe8749275d701b4418ca6a811ea83976) Importer(815301076,1909f56bfc062723c751e8b465ee728b) (PreviewImporter) -> (artifact id: '7bf8843ce432526c7a0b4817d7294cac') in 0.0144036 seconds
Number of updated asset objects reloaded before import = 0Number of asset objects unloaded after import = 9

Editor requested this worker to shutdown with reason: Scaling down because of idle timeout
AssetImportWorker is now disconnected from the server
Process exiting
Exiting without the bug reporter. Application will terminate with return code 0